<?xml version="1.0" encoding="UTF-8"?>
<testng-results skipped="0" failed="0" ignored="0" total="1" passed="1">
  <reporter-output>
  </reporter-output>
  <suite name="Default suite" duration-ms="30018" started-at="2021-03-23T15:49:29 IST" finished-at="2021-03-23T15:49:59 IST">
    <groups>
    </groups>
    <test name="Default test" duration-ms="30018" started-at="2021-03-23T15:49:29 IST" finished-at="2021-03-23T15:49:59 IST">
      <class name="StackOverflow.Question03232021">
        <test-method status="PASS" signature="setUp()[pri:0, instance:StackOverflow.Question03232021@480bdb19]" name="setUp" is-config="true" duration-ms="20837" started-at="2021-03-23T15:49:29 IST" finished-at="2021-03-23T15:49:50 IST">
          <reporter-output>
          </reporter-output>
        </test-method> <!-- setUp -->
        <test-method status="PASS" signature="test()[pri:0, instance:StackOverflow.Question03232021@480bdb19]" name="test" duration-ms="9121" started-at="2021-03-23T15:49:50 IST" finished-at="2021-03-23T15:49:59 IST">
          <reporter-output>
          </reporter-output>
        </test-method> <!-- test -->
      </class> <!-- StackOverflow.Question03232021 -->
    </test> <!-- Default test -->
  </suite> <!-- Default suite -->
</testng-results>
